<?xml version="1.0" encoding="utf-8"?>
<test-run id="0" testcasecount="6" total="6" passed="6" failed="0" inconclusive="0" skipped="0" asserts="6" result="Passed" portable-engine-version="3.3.0.0" start-time="2017-02-16 11:10:04Z" end-time="2017-02-16 11:10:04Z" duration="0.259706">
  <test-run id="0" testcasecount="6" total="6" passed="6" failed="0" inconclusive="0" skipped="0" asserts="6" result="Passed" portable-engine-version="3.3.0.0" start-time="2017-02-16 11:10:04Z" end-time="2017-02-16 11:10:04Z" duration="0.135053">
    <test-suite type="Assembly" id="1007" name="mentorship.dll" fullname="/Users/nitrix/Projects/mentorship/bin/Debug/netcoreapp1.1/mentorship.dll" runstate="Runnable" testcasecount="6" result="Passed" start-time="2017-02-16 11:10:04Z" end-time="2017-02-16 11:10:04Z" duration="0.098627" total="6" passed="6" failed="0" warnings="0" inconclusive="0" skipped="0" asserts="6">
      <environment framework-version="3.6.0.0" clr-version=".NET Core 4.6.24628.01" os-version="Darwin 16.4.0 Darwin Kernel Version 16.4.0: Thu Dec 22 22:53:21 PST 2016; root:xnu-3789.41.3~3/RELEASE_X86_64" cwd="/Users/nitrix/Projects/mentorship" machine-name="MacBook-Pro" culture="en-US" uiculture="en-US" os-architecture="X64" />
      <settings>
        <setting name="WorkDirectory" value="/Users/nitrix/Projects/mentorship" />
      </settings>
      <test-suite type="TestSuite" id="1008" name="ConsoleApplication" fullname="ConsoleApplication" runstate="Runnable" testcasecount="6" result="Passed" start-time="2017-02-16 11:10:04Z" end-time="2017-02-16 11:10:04Z" duration="0.088227" total="6" passed="6" failed="0" warnings="0" inconclusive="0" skipped="0" asserts="6">
        <test-suite type="TestFixture" id="1000" name="ConsoleApplicationTests" fullname="ConsoleApplication.ConsoleApplicationTests" classname="ConsoleApplication.ConsoleApplicationTests" runstate="Runnable" testcasecount="6" result="Passed" start-time="2017-02-16 11:10:04Z" end-time="2017-02-16 11:10:04Z" duration="0.082736" total="6" passed="6" failed="0" warnings="0" inconclusive="0" skipped="0" asserts="6">
          <test-case id="1001" name="TestCount" fullname="ConsoleApplication.ConsoleApplicationTests.TestCount" methodname="TestCount" classname="ConsoleApplication.ConsoleApplicationTests" runstate="Runnable" seed="1304591924" result="Passed" start-time="2017-02-16 11:10:04Z" end-time="2017-02-16 11:10:04Z" duration="0.018336" asserts="1" />
          <test-case id="1004" name="TestSearchEmptyString" fullname="ConsoleApplication.ConsoleApplicationTests.TestSearchEmptyString" methodname="TestSearchEmptyString" classname="ConsoleApplication.ConsoleApplicationTests" runstate="Runnable" seed="2056848868" result="Passed" start-time="2017-02-16 11:10:04Z" end-time="2017-02-16 11:10:04Z" duration="0.001872" asserts="1" />
          <test-case id="1002" name="TestSearchExists" fullname="ConsoleApplication.ConsoleApplicationTests.TestSearchExists" methodname="TestSearchExists" classname="ConsoleApplication.ConsoleApplicationTests" runstate="Runnable" seed="1466525084" result="Passed" start-time="2017-02-16 11:10:04Z" end-time="2017-02-16 11:10:04Z" duration="0.000241" asserts="1" />
          <test-case id="1006" name="TestSearchIncompletePrefix" fullname="ConsoleApplication.ConsoleApplicationTests.TestSearchIncompletePrefix" methodname="TestSearchIncompletePrefix" classname="ConsoleApplication.ConsoleApplicationTests" runstate="Runnable" seed="1815307871" result="Passed" start-time="2017-02-16 11:10:04Z" end-time="2017-02-16 11:10:04Z" duration="0.001253" asserts="1" />
          <test-case id="1003" name="TestSearchNull" fullname="ConsoleApplication.ConsoleApplicationTests.TestSearchNull" methodname="TestSearchNull" classname="ConsoleApplication.ConsoleApplicationTests" runstate="Runnable" seed="855201687" result="Passed" start-time="2017-02-16 11:10:04Z" end-time="2017-02-16 11:10:04Z" duration="0.000265" asserts="1" />
          <test-case id="1005" name="TestSearchUpperCase" fullname="ConsoleApplication.ConsoleApplicationTests.TestSearchUpperCase" methodname="TestSearchUpperCase" classname="ConsoleApplication.ConsoleApplicationTests" runstate="Runnable" seed="1149522134" result="Passed" start-time="2017-02-16 11:10:04Z" end-time="2017-02-16 11:10:04Z" duration="0.000308" asserts="1" />
        </test-suite>
      </test-suite>
    </test-suite>
  </test-run>
</test-run>