<?xml version="1.0" encoding="utf-8"?>
<test-run id="0" testcasecount="12" total="12" passed="12" failed="0" inconclusive="0" skipped="0" asserts="16" result="Passed" portable-engine-version="3.3.0.0" start-time="2017-02-21 15:18:04Z" end-time="2017-02-21 15:18:05Z" duration="0.256964">
  <test-run id="0" testcasecount="12" total="12" passed="12" failed="0" inconclusive="0" skipped="0" asserts="16" result="Passed" portable-engine-version="3.3.0.0" start-time="2017-02-21 15:18:04Z" end-time="2017-02-21 15:18:05Z" duration="0.141676">
    <test-suite type="Assembly" id="1016" name="recursion.dll" fullname="/Users/nitrix/Projects/mentorship/recursion/bin/Debug/netcoreapp1.1/recursion.dll" runstate="Runnable" testcasecount="12" result="Passed" start-time="2017-02-21 15:18:04Z" end-time="2017-02-21 15:18:05Z" duration="0.107410" total="12" passed="12" failed="0" warnings="0" inconclusive="0" skipped="0" asserts="16">
      <environment framework-version="3.6.0.0" clr-version=".NET Core 4.6.24628.01" os-version="Darwin 16.4.0 Darwin Kernel Version 16.4.0: Thu Dec 22 22:53:21 PST 2016; root:xnu-3789.41.3~3/RELEASE_X86_64" cwd="/Users/nitrix/Projects/mentorship/recursion" machine-name="MacBook-Pro" culture="en-US" uiculture="en-US" os-architecture="X64" />
      <settings>
        <setting name="WorkDirectory" value="/Users/nitrix/Projects/mentorship/recursion" />
      </settings>
      <test-suite type="TestSuite" id="1017" name="Recursion" fullname="Recursion" runstate="Runnable" testcasecount="12" result="Passed" start-time="2017-02-21 15:18:04Z" end-time="2017-02-21 15:18:05Z" duration="0.097842" total="12" passed="12" failed="0" warnings="0" inconclusive="0" skipped="0" asserts="16">
        <test-suite type="TestFixture" id="1011" name="PermsWithDupsTest" fullname="Recursion.PermsWithDupsTest" classname="Recursion.PermsWithDupsTest" runstate="Runnable" testcasecount="4" result="Passed" start-time="2017-02-21 15:18:04Z" end-time="2017-02-21 15:18:04Z" duration="0.076297" total="4" passed="4" failed="0" warnings="0" inconclusive="0" skipped="0" asserts="8">
          <test-case id="1012" name="PermsWithNoDups" fullname="Recursion.PermsWithDupsTest.PermsWithNoDups" methodname="PermsWithNoDups" classname="Recursion.PermsWithDupsTest" runstate="Runnable" seed="1375800526" result="Passed" start-time="2017-02-21 15:18:04Z" end-time="2017-02-21 15:18:04Z" duration="0.022742" asserts="2" />
          <test-case id="1013" name="PermsWithOneDupOneCharater" fullname="Recursion.PermsWithDupsTest.PermsWithOneDupOneCharater" methodname="PermsWithOneDupOneCharater" classname="Recursion.PermsWithDupsTest" runstate="Runnable" seed="101673544" result="Passed" start-time="2017-02-21 15:18:04Z" end-time="2017-02-21 15:18:04Z" duration="0.000522" asserts="2" />
          <test-case id="1015" name="PermsWithThreeDupsOneCharacter" fullname="Recursion.PermsWithDupsTest.PermsWithThreeDupsOneCharacter" methodname="PermsWithThreeDupsOneCharacter" classname="Recursion.PermsWithDupsTest" runstate="Runnable" seed="267185284" result="Passed" start-time="2017-02-21 15:18:04Z" end-time="2017-02-21 15:18:04Z" duration="0.000714" asserts="2" />
          <test-case id="1014" name="PermsWithTwoDupsTwoCharacters" fullname="Recursion.PermsWithDupsTest.PermsWithTwoDupsTwoCharacters" methodname="PermsWithTwoDupsTwoCharacters" classname="Recursion.PermsWithDupsTest" runstate="Runnable" seed="443029663" result="Passed" start-time="2017-02-21 15:18:04Z" end-time="2017-02-21 15:18:04Z" duration="0.000697" asserts="2" />
        </test-suite>
        <test-suite type="TestFixture" id="1007" name="PermsWithOutDupsTest" fullname="Recursion.PermsWithOutDupsTest" classname="Recursion.PermsWithOutDupsTest" runstate="Runnable" testcasecount="3" result="Passed" start-time="2017-02-21 15:18:04Z" end-time="2017-02-21 15:18:04Z" duration="0.006520" total="3" passed="3" failed="0" warnings="0" inconclusive="0" skipped="0" asserts="3">
          <test-case id="1008" name="PermsWithOutDupsSingleString" fullname="Recursion.PermsWithOutDupsTest.PermsWithOutDupsSingleString" methodname="PermsWithOutDupsSingleString" classname="Recursion.PermsWithOutDupsTest" runstate="Runnable" seed="956400070" result="Passed" start-time="2017-02-21 15:18:04Z" end-time="2017-02-21 15:18:04Z" duration="0.003425" asserts="1" />
          <test-case id="1010" name="PermsWithOutDupsThreeStrings" fullname="Recursion.PermsWithOutDupsTest.PermsWithOutDupsThreeStrings" methodname="PermsWithOutDupsThreeStrings" classname="Recursion.PermsWithOutDupsTest" runstate="Runnable" seed="242509909" result="Passed" start-time="2017-02-21 15:18:04Z" end-time="2017-02-21 15:18:04Z" duration="0.000753" asserts="1" />
          <test-case id="1009" name="PermsWithOutDupsTwotrings" fullname="Recursion.PermsWithOutDupsTest.PermsWithOutDupsTwotrings" methodname="PermsWithOutDupsTwotrings" classname="Recursion.PermsWithOutDupsTest" runstate="Runnable" seed="498200246" result="Passed" start-time="2017-02-21 15:18:04Z" end-time="2017-02-21 15:18:04Z" duration="0.000340" asserts="1" />
        </test-suite>
        <test-suite type="TestFixture" id="1000" name="PowerSetTests" fullname="Recursion.PowerSetTests" classname="Recursion.PowerSetTests" runstate="Runnable" testcasecount="1" result="Passed" start-time="2017-02-21 15:18:04Z" end-time="2017-02-21 15:18:04Z" duration="0.003307" total="1" passed="1" failed="0" warnings="0" inconclusive="0" skipped="0" asserts="1">
          <test-case id="1001" name="powerSetSetWithOneElement" fullname="Recursion.PowerSetTests.powerSetSetWithOneElement" methodname="powerSetSetWithOneElement" classname="Recursion.PowerSetTests" runstate="Runnable" seed="54562700" result="Passed" start-time="2017-02-21 15:18:04Z" end-time="2017-02-21 15:18:04Z" duration="0.000827" asserts="1" />
        </test-suite>
        <test-suite type="TestFixture" id="1002" name="TripleStepsTest" fullname="Recursion.TripleStepsTest" classname="Recursion.TripleStepsTest" runstate="Runnable" testcasecount="4" result="Passed" start-time="2017-02-21 15:18:04Z" end-time="2017-02-21 15:18:05Z" duration="0.003955" total="4" passed="4" failed="0" warnings="0" inconclusive="0" skipped="0" asserts="4">
          <test-case id="1006" name="TripleStepsWithFour" fullname="Recursion.TripleStepsTest.TripleStepsWithFour" methodname="TripleStepsWithFour" classname="Recursion.TripleStepsTest" runstate="Runnable" seed="1428148342" result="Passed" start-time="2017-02-21 15:18:04Z" end-time="2017-02-21 15:18:04Z" duration="0.000555" asserts="1" />
          <test-case id="1003" name="TripleStepsWithOne" fullname="Recursion.TripleStepsTest.TripleStepsWithOne" methodname="TripleStepsWithOne" classname="Recursion.TripleStepsTest" runstate="Runnable" seed="1244353322" result="Passed" start-time="2017-02-21 15:18:04Z" end-time="2017-02-21 15:18:04Z" duration="0.000282" asserts="1" />
          <test-case id="1005" name="TripleStepsWithThree" fullname="Recursion.TripleStepsTest.TripleStepsWithThree" methodname="TripleStepsWithThree" classname="Recursion.TripleStepsTest" runstate="Runnable" seed="938187559" result="Passed" start-time="2017-02-21 15:18:04Z" end-time="2017-02-21 15:18:04Z" duration="0.000304" asserts="1" />
          <test-case id="1004" name="TripleStepsWithTwo" fullname="Recursion.TripleStepsTest.TripleStepsWithTwo" methodname="TripleStepsWithTwo" classname="Recursion.TripleStepsTest" runstate="Runnable" seed="92305384" result="Passed" start-time="2017-02-21 15:18:05Z" end-time="2017-02-21 15:18:05Z" duration="0.000275" asserts="1" />
        </test-suite>
      </test-suite>
    </test-suite>
  </test-run>
</test-run>