<?xml version="1.0" encoding="utf-8"?>
<test-run id="0" testcasecount="12" total="12" passed="12" failed="0" inconclusive="0" skipped="0" asserts="16" result="Passed" portable-engine-version="3.3.0.0" start-time="2017-02-20 09:17:26Z" end-time="2017-02-20 09:17:27Z" duration="0.240192">
  <test-run id="0" testcasecount="12" total="12" passed="12" failed="0" inconclusive="0" skipped="0" asserts="16" result="Passed" portable-engine-version="3.3.0.0" start-time="2017-02-20 09:17:26Z" end-time="2017-02-20 09:17:27Z" duration="0.132277">
    <test-suite type="Assembly" id="1016" name="recursion.dll" fullname="/Users/nitrix/Projects/mentorship/recursion/bin/Debug/netcoreapp1.1/recursion.dll" runstate="Runnable" testcasecount="12" result="Passed" start-time="2017-02-20 09:17:26Z" end-time="2017-02-20 09:17:27Z" duration="0.101725" total="12" passed="12" failed="0" warnings="0" inconclusive="0" skipped="0" asserts="16">
      <environment framework-version="3.6.0.0" clr-version=".NET Core 4.6.24628.01" os-version="Darwin 16.4.0 Darwin Kernel Version 16.4.0: Thu Dec 22 22:53:21 PST 2016; root:xnu-3789.41.3~3/RELEASE_X86_64" cwd="/Users/nitrix/Projects/mentorship/recursion" machine-name="MacBook-Pro" culture="en-US" uiculture="en-US" os-architecture="X64" />
      <settings>
        <setting name="WorkDirectory" value="/Users/nitrix/Projects/mentorship/recursion" />
      </settings>
      <test-suite type="TestSuite" id="1017" name="Recursion" fullname="Recursion" runstate="Runnable" testcasecount="12" result="Passed" start-time="2017-02-20 09:17:26Z" end-time="2017-02-20 09:17:27Z" duration="0.090487" total="12" passed="12" failed="0" warnings="0" inconclusive="0" skipped="0" asserts="16">
        <test-suite type="TestFixture" id="1011" name="PermsWithDupsTest" fullname="Recursion.PermsWithDupsTest" classname="Recursion.PermsWithDupsTest" runstate="Runnable" testcasecount="4" result="Passed" start-time="2017-02-20 09:17:26Z" end-time="2017-02-20 09:17:27Z" duration="0.071968" total="4" passed="4" failed="0" warnings="0" inconclusive="0" skipped="0" asserts="8">
          <test-case id="1012" name="PermsWithNoDups" fullname="Recursion.PermsWithDupsTest.PermsWithNoDups" methodname="PermsWithNoDups" classname="Recursion.PermsWithDupsTest" runstate="Runnable" seed="296649307" result="Passed" start-time="2017-02-20 09:17:27Z" end-time="2017-02-20 09:17:27Z" duration="0.020801" asserts="2" />
          <test-case id="1013" name="PermsWithOneDupOneCharater" fullname="Recursion.PermsWithDupsTest.PermsWithOneDupOneCharater" methodname="PermsWithOneDupOneCharater" classname="Recursion.PermsWithDupsTest" runstate="Runnable" seed="1411790754" result="Passed" start-time="2017-02-20 09:17:27Z" end-time="2017-02-20 09:17:27Z" duration="0.000476" asserts="2" />
          <test-case id="1015" name="PermsWithThreeDupsOneCharacter" fullname="Recursion.PermsWithDupsTest.PermsWithThreeDupsOneCharacter" methodname="PermsWithThreeDupsOneCharacter" classname="Recursion.PermsWithDupsTest" runstate="Runnable" seed="1964198658" result="Passed" start-time="2017-02-20 09:17:27Z" end-time="2017-02-20 09:17:27Z" duration="0.000527" asserts="2" />
          <test-case id="1014" name="PermsWithTwoDupsTwoCharacters" fullname="Recursion.PermsWithDupsTest.PermsWithTwoDupsTwoCharacters" methodname="PermsWithTwoDupsTwoCharacters" classname="Recursion.PermsWithDupsTest" runstate="Runnable" seed="738858241" result="Passed" start-time="2017-02-20 09:17:27Z" end-time="2017-02-20 09:17:27Z" duration="0.000514" asserts="2" />
        </test-suite>
        <test-suite type="TestFixture" id="1007" name="PermsWithOutDupsTest" fullname="Recursion.PermsWithOutDupsTest" classname="Recursion.PermsWithOutDupsTest" runstate="Runnable" testcasecount="3" result="Passed" start-time="2017-02-20 09:17:27Z" end-time="2017-02-20 09:17:27Z" duration="0.005636" total="3" passed="3" failed="0" warnings="0" inconclusive="0" skipped="0" asserts="3">
          <test-case id="1008" name="PermsWithOutDupsSingleString" fullname="Recursion.PermsWithOutDupsTest.PermsWithOutDupsSingleString" methodname="PermsWithOutDupsSingleString" classname="Recursion.PermsWithOutDupsTest" runstate="Runnable" seed="62060277" result="Passed" start-time="2017-02-20 09:17:27Z" end-time="2017-02-20 09:17:27Z" duration="0.002818" asserts="1" />
          <test-case id="1010" name="PermsWithOutDupsThreeStrings" fullname="Recursion.PermsWithOutDupsTest.PermsWithOutDupsThreeStrings" methodname="PermsWithOutDupsThreeStrings" classname="Recursion.PermsWithOutDupsTest" runstate="Runnable" seed="1807905513" result="Passed" start-time="2017-02-20 09:17:27Z" end-time="2017-02-20 09:17:27Z" duration="0.000788" asserts="1" />
          <test-case id="1009" name="PermsWithOutDupsTwotrings" fullname="Recursion.PermsWithOutDupsTest.PermsWithOutDupsTwotrings" methodname="PermsWithOutDupsTwotrings" classname="Recursion.PermsWithOutDupsTest" runstate="Runnable" seed="461155924" result="Passed" start-time="2017-02-20 09:17:27Z" end-time="2017-02-20 09:17:27Z" duration="0.000310" asserts="1" />
        </test-suite>
        <test-suite type="TestFixture" id="1000" name="PowerSetTests" fullname="Recursion.PowerSetTests" classname="Recursion.PowerSetTests" runstate="Runnable" testcasecount="1" result="Passed" start-time="2017-02-20 09:17:27Z" end-time="2017-02-20 09:17:27Z" duration="0.002906" total="1" passed="1" failed="0" warnings="0" inconclusive="0" skipped="0" asserts="1">
          <test-case id="1001" name="powerSetSetWithOneElement" fullname="Recursion.PowerSetTests.powerSetSetWithOneElement" methodname="powerSetSetWithOneElement" classname="Recursion.PowerSetTests" runstate="Runnable" seed="1800777817" result="Passed" start-time="2017-02-20 09:17:27Z" end-time="2017-02-20 09:17:27Z" duration="0.000779" asserts="1" />
        </test-suite>
        <test-suite type="TestFixture" id="1002" name="TripleStepsTest" fullname="Recursion.TripleStepsTest" classname="Recursion.TripleStepsTest" runstate="Runnable" testcasecount="4" result="Passed" start-time="2017-02-20 09:17:27Z" end-time="2017-02-20 09:17:27Z" duration="0.002905" total="4" passed="4" failed="0" warnings="0" inconclusive="0" skipped="0" asserts="4">
          <test-case id="1006" name="TripleStepsWithFour" fullname="Recursion.TripleStepsTest.TripleStepsWithFour" methodname="TripleStepsWithFour" classname="Recursion.TripleStepsTest" runstate="Runnable" seed="2095155550" result="Passed" start-time="2017-02-20 09:17:27Z" end-time="2017-02-20 09:17:27Z" duration="0.000286" asserts="1" />
          <test-case id="1003" name="TripleStepsWithOne" fullname="Recursion.TripleStepsTest.TripleStepsWithOne" methodname="TripleStepsWithOne" classname="Recursion.TripleStepsTest" runstate="Runnable" seed="832209311" result="Passed" start-time="2017-02-20 09:17:27Z" end-time="2017-02-20 09:17:27Z" duration="0.000247" asserts="1" />
          <test-case id="1005" name="TripleStepsWithThree" fullname="Recursion.TripleStepsTest.TripleStepsWithThree" methodname="TripleStepsWithThree" classname="Recursion.TripleStepsTest" runstate="Runnable" seed="1754588229" result="Passed" start-time="2017-02-20 09:17:27Z" end-time="2017-02-20 09:17:27Z" duration="0.000251" asserts="1" />
          <test-case id="1004" name="TripleStepsWithTwo" fullname="Recursion.TripleStepsTest.TripleStepsWithTwo" methodname="TripleStepsWithTwo" classname="Recursion.TripleStepsTest" runstate="Runnable" seed="1444352111" result="Passed" start-time="2017-02-20 09:17:27Z" end-time="2017-02-20 09:17:27Z" duration="0.000250" asserts="1" />
        </test-suite>
      </test-suite>
    </test-suite>
  </test-run>
</test-run>